bophanArray
Array
(
    [0] => Array
        (
            [0] => 2
            [MA] => 2
            [1] => Phuc vụ
            [TEN] => Phuc vụ
        )

    [1] => Array
        (
            [0] => 3
            [MA] => 3
            [1] => Tiếp thực
            [TEN] => Tiếp thực
        )

    [2] => Array
        (
            [0] => 4
            [MA] => 4
            [1] => Bếp
            [TEN] => Bếp
        )

    [3] => Array
        (
            [0] => 5
            [MA] => 5
            [1] => Bảo vệ
            [TEN] => Bảo vệ
        )

)

loaiNgayArray
Array
(
    [0] => Array
        (
            [0] => 1
            [MA] => 1
            [1] => Ngày thường
            [TEN] => Ngày thường
        )

    [1] => Array
        (
            [0] => 2
            [MA] => 2
            [1] => Thứ 7
            [TEN] => Thứ 7
        )

    [2] => Array
        (
            [0] => 3
            [MA] => 3
            [1] => Chủ Nhật
            [TEN] => Chủ Nhật
        )

)

getNhuCauTuyenDung
nhuCauTuyenDungArray
Array
(
    [0] => Array
        (
            [0] => NT - Sáng
            [NAME_FIRST_COLUMN] => NT - Sáng
            [1] => 3
            [MA_CA] => 3
            [2] => 1
            [MA_CN] => 1
            [3] => 2
            [MA_BP] => 2
            [4] => 1
            [LOAI_NGAY] => 1
            [5] => 77
            [SO_LUONG] => 77
        )

    [1] => Array
        (
            [0] => HBT - Chiều
            [NAME_FIRST_COLUMN] => HBT - Chiều
            [1] => 4
            [MA_CA] => 4
            [2] => 2
            [MA_CN] => 2
            [3] => 3
            [MA_BP] => 3
            [4] => 2
            [LOAI_NGAY] => 2
            [5] => 45
            [SO_LUONG] => 45
        )

    [2] => Array
        (
            [0] => HBT - Sáng
            [NAME_FIRST_COLUMN] => HBT - Sáng
            [1] => 3
            [MA_CA] => 3
            [2] => 2
            [MA_CN] => 2
            [3] => 3
            [MA_BP] => 3
            [4] => 3
            [LOAI_NGAY] => 3
            [5] => 30
            [SO_LUONG] => 30
        )

)

bophanArray
Array
(
    [0] => Array
        (
            [0] => 2
            [MA] => 2
            [1] => Phuc vụ
            [TEN] => Phuc vụ
        )

    [1] => Array
        (
            [0] => 3
            [MA] => 3
            [1] => Tiếp thực
            [TEN] => Tiếp thực
        )

    [2] => Array
        (
            [0] => 4
            [MA] => 4
            [1] => Bếp
            [TEN] => Bếp
        )

    [3] => Array
        (
            [0] => 5
            [MA] => 5
            [1] => Bảo vệ
            [TEN] => Bảo vệ
        )

)

loaiNgayArray
Array
(
    [0] => Array
        (
            [0] => 1
            [MA] => 1
            [1] => Ngày thường
            [TEN] => Ngày thường
        )

    [1] => Array
        (
            [0] => 2
            [MA] => 2
            [1] => Thứ 7
            [TEN] => Thứ 7
        )

    [2] => Array
        (
            [0] => 3
            [MA] => 3
            [1] => Chủ Nhật
            [TEN] => Chủ Nhật
        )

)

bophanArray
Array
(
    [0] => Array
        (
            [0] => 2
            [MA] => 2
            [1] => Phuc vụ
            [TEN] => Phuc vụ
        )

    [1] => Array
        (
            [0] => 3
            [MA] => 3
            [1] => Tiếp thực
            [TEN] => Tiếp thực
        )

    [2] => Array
        (
            [0] => 4
            [MA] => 4
            [1] => Bếp
            [TEN] => Bếp
        )

    [3] => Array
        (
            [0] => 5
            [MA] => 5
            [1] => Bảo vệ
            [TEN] => Bảo vệ
        )

)

loaiNgayArray
Array
(
    [0] => Array
        (
            [0] => 1
            [MA] => 1
            [1] => Ngày thường
            [TEN] => Ngày thường
        )

    [1] => Array
        (
            [0] => 2
            [MA] => 2
            [1] => Thứ 7
            [TEN] => Thứ 7
        )

    [2] => Array
        (
            [0] => 3
            [MA] => 3
            [1] => Chủ Nhật
            [TEN] => Chủ Nhật
        )

)

getNhuCauTuyenDung
nhuCauTuyenDungArray
Array
(
    [0] => Array
        (
            [0] => NT - Sáng
            [NAME_FIRST_COLUMN] => NT - Sáng
            [1] => 3
            [MA_CA] => 3
            [2] => 1
            [MA_CN] => 1
            [3] => 2
            [MA_BP] => 2
            [4] => 1
            [LOAI_NGAY] => 1
            [5] => 77
            [SO_LUONG] => 77
        )

    [1] => Array
        (
            [0] => HBT - Chiều
            [NAME_FIRST_COLUMN] => HBT - Chiều
            [1] => 4
            [MA_CA] => 4
            [2] => 2
            [MA_CN] => 2
            [3] => 3
            [MA_BP] => 3
            [4] => 2
            [LOAI_NGAY] => 2
            [5] => 45
            [SO_LUONG] => 45
        )

    [2] => Array
        (
            [0] => HBT - Sáng
            [NAME_FIRST_COLUMN] => HBT - Sáng
            [1] => 3
            [MA_CA] => 3
            [2] => 2
            [MA_CN] => 2
            [3] => 3
            [MA_BP] => 3
            [4] => 3
            [LOAI_NGAY] => 3
            [5] => 30
            [SO_LUONG] => 30
        )

)

bophanArray
Array
(
    [0] => Array
        (
            [0] => 2
            [MA] => 2
            [1] => Phuc vụ
            [TEN] => Phuc vụ
        )

    [1] => Array
        (
            [0] => 3
            [MA] => 3
            [1] => Tiếp thực
            [TEN] => Tiếp thực
        )

    [2] => Array
        (
            [0] => 4
            [MA] => 4
            [1] => Bếp
            [TEN] => Bếp
        )

    [3] => Array
        (
            [0] => 5
            [MA] => 5
            [1] => Bảo vệ
            [TEN] => Bảo vệ
        )

)

loaiNgayArray
Array
(
    [0] => Array
        (
            [0] => 1
            [MA] => 1
            [1] => Ngày thường
            [TEN] => Ngày thường
        )

    [1] => Array
        (
            [0] => 2
            [MA] => 2
            [1] => Thứ 7
            [TEN] => Thứ 7
        )

    [2] => Array
        (
            [0] => 3
            [MA] => 3
            [1] => Chủ Nhật
            [TEN] => Chủ Nhật
        )

)

getNhuCauTuyenDung
nhuCauTuyenDungArray
Array
(
    [0] => Array
        (
            [0] => NT - Sáng
            [NAME_FIRST_COLUMN] => NT - Sáng
            [1] => 3
            [MA_CA] => 3
            [2] => 1
            [MA_CN] => 1
            [3] => 2
            [MA_BP] => 2
            [4] => 1
            [LOAI_NGAY] => 1
            [5] => 77
            [SO_LUONG] => 77
        )

    [1] => Array
        (
            [0] => HBT - Chiều
            [NAME_FIRST_COLUMN] => HBT - Chiều
            [1] => 4
            [MA_CA] => 4
            [2] => 2
            [MA_CN] => 2
            [3] => 3
            [MA_BP] => 3
            [4] => 2
            [LOAI_NGAY] => 2
            [5] => 45
            [SO_LUONG] => 45
        )

    [2] => Array
        (
            [0] => HBT - Sáng
            [NAME_FIRST_COLUMN] => HBT - Sáng
            [1] => 3
            [MA_CA] => 3
            [2] => 2
            [MA_CN] => 2
            [3] => 3
            [MA_BP] => 3
            [4] => 3
            [LOAI_NGAY] => 3
            [5] => 30
            [SO_LUONG] => 30
        )

)

bophanArray
Array
(
    [0] => Array
        (
            [0] => 2
            [MA] => 2
            [1] => Phuc vụ
            [TEN] => Phuc vụ
        )

    [1] => Array
        (
            [0] => 3
            [MA] => 3
            [1] => Tiếp thực
            [TEN] => Tiếp thực
        )

    [2] => Array
        (
            [0] => 4
            [MA] => 4
            [1] => Bếp
            [TEN] => Bếp
        )

    [3] => Array
        (
            [0] => 5
            [MA] => 5
            [1] => Bảo vệ
            [TEN] => Bảo vệ
        )

)

loaiNgayArray
Array
(
    [0] => Array
        (
            [0] => 1
            [MA] => 1
            [1] => Ngày thường
            [TEN] => Ngày thường
        )

    [1] => Array
        (
            [0] => 2
            [MA] => 2
            [1] => Thứ 7
            [TEN] => Thứ 7
        )

    [2] => Array
        (
            [0] => 3
            [MA] => 3
            [1] => Chủ Nhật
            [TEN] => Chủ Nhật
        )

)

bophanArray
Array
(
    [0] => Array
        (
            [0] => 2
            [MA] => 2
            [1] => Phuc vụ
            [TEN] => Phuc vụ
        )

    [1] => Array
        (
            [0] => 3
            [MA] => 3
            [1] => Tiếp thực
            [TEN] => Tiếp thực
        )

    [2] => Array
        (
            [0] => 4
            [MA] => 4
            [1] => Bếp
            [TEN] => Bếp
        )

    [3] => Array
        (
            [0] => 5
            [MA] => 5
            [1] => Bảo vệ
            [TEN] => Bảo vệ
        )

)

loaiNgayArray
Array
(
    [0] => Array
        (
            [0] => 1
            [MA] => 1
            [1] => Ngày thường
            [TEN] => Ngày thường
        )

    [1] => Array
        (
            [0] => 2
            [MA] => 2
            [1] => Thứ 7
            [TEN] => Thứ 7
        )

    [2] => Array
        (
            [0] => 3
            [MA] => 3
            [1] => Chủ Nhật
            [TEN] => Chủ Nhật
        )

)

getNhuCauTuyenDung
nhuCauTuyenDungArray
Array
(
    [0] => Array
        (
            [0] => NT - Sáng
            [NAME_FIRST_COLUMN] => NT - Sáng
            [1] => 3
            [MA_CA] => 3
            [2] => 1
            [MA_CN] => 1
            [3] => 2
            [MA_BP] => 2
            [4] => 1
            [LOAI_NGAY] => 1
            [5] => 77
            [SO_LUONG] => 77
        )

    [1] => Array
        (
            [0] => HBT - Chiều
            [NAME_FIRST_COLUMN] => HBT - Chiều
            [1] => 4
            [MA_CA] => 4
            [2] => 2
            [MA_CN] => 2
            [3] => 3
            [MA_BP] => 3
            [4] => 2
            [LOAI_NGAY] => 2
            [5] => 45
            [SO_LUONG] => 45
        )

    [2] => Array
        (
            [0] => HBT - Sáng
            [NAME_FIRST_COLUMN] => HBT - Sáng
            [1] => 3
            [MA_CA] => 3
            [2] => 2
            [MA_CN] => 2
            [3] => 3
            [MA_BP] => 3
            [4] => 3
            [LOAI_NGAY] => 3
            [5] => 30
            [SO_LUONG] => 30
        )

)

